{"/Users/napster/Documents/node_proxy/tests/test.js":{"path":"/Users/napster/Documents/node_proxy/tests/test.js","s":{"1":1,"2":1,"3":1,"4":1,"5":1,"6":1,"7":1,"8":1,"9":0,"10":1,"11":0,"12":0,"13":0},"b":{},"f":{},"fnMap":{},"statementMap":{"1":{"start":{"line":1,"column":0},"end":{"line":1,"column":35}},"2":{"start":{"line":2,"column":0},"end":{"line":2,"column":31}},"3":{"start":{"line":3,"column":0},"end":{"line":3,"column":28}},"4":{"start":{"line":5,"column":0},"end":{"line":5,"column":46}},"5":{"start":{"line":6,"column":0},"end":{"line":6,"column":48}},"6":{"start":{"line":7,"column":0},"end":{"line":7,"column":46}},"7":{"start":{"line":8,"column":0},"end":{"line":8,"column":46}},"8":{"start":{"line":10,"column":0},"end":{"line":12,"column":1}},"9":{"start":{"line":11,"column":2},"end":{"line":11,"column":23}},"10":{"start":{"line":14,"column":0},"end":{"line":14,"column":39}},"11":{"start":{"line":15,"column":0},"end":{"line":15,"column":38}},"12":{"start":{"line":16,"column":0},"end":{"line":16,"column":38}},"13":{"start":{"line":17,"column":0},"end":{"line":17,"column":38}}},"branchMap":{}},"/Users/napster/Documents/node_proxy/tests/authRouter.test.js":{"path":"/Users/napster/Documents/node_proxy/tests/authRouter.test.js","s":{"1":1,"2":0,"3":0,"4":0,"5":0,"6":0,"7":0},"b":{},"f":{"1":0,"2":0},"fnMap":{"1":{"name":"(anonymous_1)","line":7,"loc":{"start":{"line":7,"column":41},"end":{"line":7,"column":56}}},"2":{"name":"(anonymous_2)","line":9,"loc":{"start":{"line":9,"column":21},"end":{"line":9,"column":40}}}},"statementMap":{"1":{"start":{"line":4,"column":0},"end":{"line":18,"column":1}},"2":{"start":{"line":5,"column":2},"end":{"line":16,"column":5}},"3":{"start":{"line":7,"column":4},"end":{"line":14,"column":7}},"4":{"start":{"line":8,"column":6},"end":{"line":13,"column":11}},"5":{"start":{"line":10,"column":10},"end":{"line":10,"column":32}},"6":{"start":{"line":11,"column":10},"end":{"line":11,"column":49}},"7":{"start":{"line":12,"column":10},"end":{"line":12,"column":17}}},"branchMap":{}},"/Users/napster/Documents/node_proxy/tests/loginRouter.test.js":{"path":"/Users/napster/Documents/node_proxy/tests/loginRouter.test.js","s":{"1":1,"2":1,"3":0,"4":0,"5":0,"6":0,"7":0,"8":0,"9":0,"10":0,"11":0,"12":0,"13":0,"14":0,"15":0,"16":0,"17":0,"18":0,"19":0,"20":0,"21":0,"22":0,"23":0,"24":0,"25":0,"26":0,"27":0,"28":0,"29":0,"30":0,"31":0,"32":0,"33":0,"34":0,"35":0,"36":0,"37":0,"38":0,"39":0,"40":0,"41":0,"42":0,"43":0,"44":0,"45":0,"46":0,"47":0,"48":0,"49":0,"50":0,"51":0,"52":0,"53":0,"54":0,"55":0,"56":0,"57":0,"58":0,"59":0,"60":0,"61":0,"62":0,"63":0,"64":0},"b":{},"f":{"1":0,"2":0,"3":0,"4":0,"5":0,"6":0,"7":0,"8":0,"9":0,"10":0,"11":0,"12":0,"13":0,"14":0,"15":0,"16":0,"17":0,"18":0,"19":0,"20":0,"21":0,"22":0,"23":0,"24":0},"fnMap":{"1":{"name":"(anonymous_1)","line":9,"loc":{"start":{"line":9,"column":62},"end":{"line":9,"column":77}}},"2":{"name":"(anonymous_2)","line":11,"loc":{"start":{"line":11,"column":21},"end":{"line":11,"column":40}}},"3":{"name":"(anonymous_3)","line":18,"loc":{"start":{"line":18,"column":59},"end":{"line":18,"column":74}}},"4":{"name":"(anonymous_4)","line":20,"loc":{"start":{"line":20,"column":21},"end":{"line":20,"column":40}}},"5":{"name":"(anonymous_5)","line":32,"loc":{"start":{"line":32,"column":70},"end":{"line":32,"column":85}}},"6":{"name":"(anonymous_6)","line":34,"loc":{"start":{"line":34,"column":21},"end":{"line":34,"column":40}}},"7":{"name":"(anonymous_7)","line":41,"loc":{"start":{"line":41,"column":70},"end":{"line":41,"column":85}}},"8":{"name":"(anonymous_8)","line":43,"loc":{"start":{"line":43,"column":21},"end":{"line":43,"column":40}}},"9":{"name":"(anonymous_9)","line":50,"loc":{"start":{"line":50,"column":83},"end":{"line":50,"column":98}}},"10":{"name":"(anonymous_10)","line":52,"loc":{"start":{"line":52,"column":21},"end":{"line":52,"column":40}}},"11":{"name":"(anonymous_11)","line":59,"loc":{"start":{"line":59,"column":67},"end":{"line":59,"column":82}}},"12":{"name":"(anonymous_12)","line":61,"loc":{"start":{"line":61,"column":21},"end":{"line":61,"column":40}}},"13":{"name":"(anonymous_13)","line":68,"loc":{"start":{"line":68,"column":83},"end":{"line":68,"column":98}}},"14":{"name":"(anonymous_14)","line":70,"loc":{"start":{"line":70,"column":21},"end":{"line":70,"column":40}}},"15":{"name":"(anonymous_15)","line":77,"loc":{"start":{"line":77,"column":67},"end":{"line":77,"column":82}}},"16":{"name":"(anonymous_16)","line":79,"loc":{"start":{"line":79,"column":21},"end":{"line":79,"column":40}}},"17":{"name":"(anonymous_17)","line":86,"loc":{"start":{"line":86,"column":88},"end":{"line":86,"column":103}}},"18":{"name":"(anonymous_18)","line":88,"loc":{"start":{"line":88,"column":21},"end":{"line":88,"column":40}}},"19":{"name":"(anonymous_19)","line":95,"loc":{"start":{"line":95,"column":53},"end":{"line":95,"column":68}}},"20":{"name":"(anonymous_20)","line":97,"loc":{"start":{"line":97,"column":21},"end":{"line":97,"column":40}}},"21":{"name":"(anonymous_21)","line":109,"loc":{"start":{"line":109,"column":58},"end":{"line":109,"column":73}}},"22":{"name":"(anonymous_22)","line":111,"loc":{"start":{"line":111,"column":21},"end":{"line":111,"column":40}}},"23":{"name":"(anonymous_23)","line":118,"loc":{"start":{"line":118,"column":93},"end":{"line":118,"column":108}}},"24":{"name":"(anonymous_24)","line":120,"loc":{"start":{"line":120,"column":21},"end":{"line":120,"column":40}}}},"statementMap":{"1":{"start":{"line":5,"column":0},"end":{"line":130,"column":1}},"2":{"start":{"line":7,"column":2},"end":{"line":27,"column":5}},"3":{"start":{"line":9,"column":4},"end":{"line":16,"column":7}},"4":{"start":{"line":10,"column":6},"end":{"line":15,"column":11}},"5":{"start":{"line":12,"column":10},"end":{"line":12,"column":32}},"6":{"start":{"line":13,"column":10},"end":{"line":13,"column":68}},"7":{"start":{"line":14,"column":10},"end":{"line":14,"column":17}},"8":{"start":{"line":18,"column":4},"end":{"line":25,"column":7}},"9":{"start":{"line":19,"column":6},"end":{"line":24,"column":11}},"10":{"start":{"line":21,"column":10},"end":{"line":21,"column":32}},"11":{"start":{"line":22,"column":10},"end":{"line":22,"column":64}},"12":{"start":{"line":23,"column":10},"end":{"line":23,"column":17}},"13":{"start":{"line":30,"column":2},"end":{"line":104,"column":5}},"14":{"start":{"line":32,"column":4},"end":{"line":39,"column":7}},"15":{"start":{"line":33,"column":6},"end":{"line":38,"column":11}},"16":{"start":{"line":35,"column":10},"end":{"line":35,"column":32}},"17":{"start":{"line":36,"column":10},"end":{"line":36,"column":68}},"18":{"start":{"line":37,"column":10},"end":{"line":37,"column":17}},"19":{"start":{"line":41,"column":4},"end":{"line":48,"column":7}},"20":{"start":{"line":42,"column":6},"end":{"line":47,"column":11}},"21":{"start":{"line":44,"column":10},"end":{"line":44,"column":32}},"22":{"start":{"line":45,"column":10},"end":{"line":45,"column":68}},"23":{"start":{"line":46,"column":10},"end":{"line":46,"column":17}},"24":{"start":{"line":50,"column":4},"end":{"line":57,"column":7}},"25":{"start":{"line":51,"column":6},"end":{"line":56,"column":11}},"26":{"start":{"line":53,"column":10},"end":{"line":53,"column":32}},"27":{"start":{"line":54,"column":10},"end":{"line":54,"column":66}},"28":{"start":{"line":55,"column":10},"end":{"line":55,"column":17}},"29":{"start":{"line":59,"column":4},"end":{"line":66,"column":7}},"30":{"start":{"line":60,"column":6},"end":{"line":65,"column":11}},"31":{"start":{"line":62,"column":10},"end":{"line":62,"column":32}},"32":{"start":{"line":63,"column":10},"end":{"line":63,"column":64}},"33":{"start":{"line":64,"column":10},"end":{"line":64,"column":17}},"34":{"start":{"line":68,"column":4},"end":{"line":75,"column":7}},"35":{"start":{"line":69,"column":6},"end":{"line":74,"column":11}},"36":{"start":{"line":71,"column":10},"end":{"line":71,"column":32}},"37":{"start":{"line":72,"column":10},"end":{"line":72,"column":65}},"38":{"start":{"line":73,"column":10},"end":{"line":73,"column":17}},"39":{"start":{"line":77,"column":4},"end":{"line":84,"column":7}},"40":{"start":{"line":78,"column":6},"end":{"line":83,"column":11}},"41":{"start":{"line":80,"column":10},"end":{"line":80,"column":32}},"42":{"start":{"line":81,"column":10},"end":{"line":81,"column":64}},"43":{"start":{"line":82,"column":10},"end":{"line":82,"column":17}},"44":{"start":{"line":86,"column":4},"end":{"line":93,"column":7}},"45":{"start":{"line":87,"column":6},"end":{"line":92,"column":11}},"46":{"start":{"line":89,"column":10},"end":{"line":89,"column":32}},"47":{"start":{"line":90,"column":10},"end":{"line":90,"column":65}},"48":{"start":{"line":91,"column":10},"end":{"line":91,"column":17}},"49":{"start":{"line":95,"column":4},"end":{"line":102,"column":7}},"50":{"start":{"line":96,"column":6},"end":{"line":101,"column":11}},"51":{"start":{"line":98,"column":10},"end":{"line":98,"column":32}},"52":{"start":{"line":99,"column":10},"end":{"line":99,"column":49}},"53":{"start":{"line":100,"column":10},"end":{"line":100,"column":17}},"54":{"start":{"line":107,"column":2},"end":{"line":127,"column":5}},"55":{"start":{"line":109,"column":4},"end":{"line":116,"column":7}},"56":{"start":{"line":110,"column":6},"end":{"line":115,"column":11}},"57":{"start":{"line":112,"column":10},"end":{"line":112,"column":32}},"58":{"start":{"line":113,"column":10},"end":{"line":113,"column":67}},"59":{"start":{"line":114,"column":10},"end":{"line":114,"column":17}},"60":{"start":{"line":118,"column":4},"end":{"line":125,"column":7}},"61":{"start":{"line":119,"column":6},"end":{"line":124,"column":11}},"62":{"start":{"line":121,"column":10},"end":{"line":121,"column":32}},"63":{"start":{"line":122,"column":10},"end":{"line":122,"column":64}},"64":{"start":{"line":123,"column":10},"end":{"line":123,"column":17}}},"branchMap":{}},"/Users/napster/Documents/node_proxy/tests/roleRouter.test.js":{"path":"/Users/napster/Documents/node_proxy/tests/roleRouter.test.js","s":{"1":1,"2":0,"3":0,"4":0,"5":0,"6":0,"7":0,"8":0,"9":0,"10":0,"11":0,"12":0,"13":0,"14":0,"15":0,"16":0,"17":0,"18":0,"19":0,"20":0,"21":0,"22":0,"23":0,"24":0,"25":0,"26":0,"27":0,"28":0,"29":0,"30":0,"31":0,"32":0,"33":0,"34":0,"35":0,"36":0,"37":0,"38":0,"39":0,"40":0,"41":0,"42":0,"43":0,"44":0,"45":0,"46":0,"47":0,"48":0,"49":0,"50":0,"51":0,"52":0,"53":0,"54":0,"55":0,"56":0,"57":0,"58":0,"59":0,"60":0,"61":0,"62":0,"63":0,"64":0,"65":0,"66":0,"67":0,"68":0,"69":0,"70":0,"71":0,"72":0,"73":0,"74":0,"75":0,"76":0,"77":0,"78":0,"79":0,"80":0,"81":0,"82":0,"83":0,"84":0,"85":0,"86":0,"87":0},"b":{},"f":{"1":0,"2":0,"3":0,"4":0,"5":0,"6":0,"7":0,"8":0,"9":0,"10":0,"11":0,"12":0,"13":0,"14":0,"15":0,"16":0,"17":0,"18":0,"19":0,"20":0,"21":0,"22":0,"23":0,"24":0,"25":0,"26":0,"27":0,"28":0,"29":0,"30":0,"31":0,"32":0},"fnMap":{"1":{"name":"(anonymous_1)","line":8,"loc":{"start":{"line":8,"column":49},"end":{"line":8,"column":64}}},"2":{"name":"(anonymous_2)","line":10,"loc":{"start":{"line":10,"column":21},"end":{"line":10,"column":40}}},"3":{"name":"(anonymous_3)","line":17,"loc":{"start":{"line":17,"column":45},"end":{"line":17,"column":60}}},"4":{"name":"(anonymous_4)","line":19,"loc":{"start":{"line":19,"column":21},"end":{"line":19,"column":40}}},"5":{"name":"(anonymous_5)","line":31,"loc":{"start":{"line":31,"column":48},"end":{"line":31,"column":63}}},"6":{"name":"(anonymous_6)","line":33,"loc":{"start":{"line":33,"column":21},"end":{"line":33,"column":40}}},"7":{"name":"(anonymous_7)","line":40,"loc":{"start":{"line":40,"column":44},"end":{"line":40,"column":59}}},"8":{"name":"(anonymous_8)","line":42,"loc":{"start":{"line":42,"column":21},"end":{"line":42,"column":40}}},"9":{"name":"(anonymous_9)","line":54,"loc":{"start":{"line":54,"column":36},"end":{"line":54,"column":51}}},"10":{"name":"(anonymous_10)","line":56,"loc":{"start":{"line":56,"column":21},"end":{"line":56,"column":40}}},"11":{"name":"(anonymous_11)","line":68,"loc":{"start":{"line":68,"column":123},"end":{"line":68,"column":138}}},"12":{"name":"(anonymous_12)","line":70,"loc":{"start":{"line":70,"column":21},"end":{"line":70,"column":40}}},"13":{"name":"(anonymous_13)","line":77,"loc":{"start":{"line":77,"column":124},"end":{"line":77,"column":139}}},"14":{"name":"(anonymous_14)","line":79,"loc":{"start":{"line":79,"column":21},"end":{"line":79,"column":40}}},"15":{"name":"(anonymous_15)","line":86,"loc":{"start":{"line":86,"column":130},"end":{"line":86,"column":145}}},"16":{"name":"(anonymous_16)","line":88,"loc":{"start":{"line":88,"column":21},"end":{"line":88,"column":40}}},"17":{"name":"(anonymous_17)","line":95,"loc":{"start":{"line":95,"column":128},"end":{"line":95,"column":143}}},"18":{"name":"(anonymous_18)","line":97,"loc":{"start":{"line":97,"column":21},"end":{"line":97,"column":40}}},"19":{"name":"(anonymous_19)","line":104,"loc":{"start":{"line":104,"column":121},"end":{"line":104,"column":136}}},"20":{"name":"(anonymous_20)","line":106,"loc":{"start":{"line":106,"column":21},"end":{"line":106,"column":40}}},"21":{"name":"(anonymous_21)","line":113,"loc":{"start":{"line":113,"column":115},"end":{"line":113,"column":130}}},"22":{"name":"(anonymous_22)","line":115,"loc":{"start":{"line":115,"column":21},"end":{"line":115,"column":40}}},"23":{"name":"(anonymous_23)","line":122,"loc":{"start":{"line":122,"column":130},"end":{"line":122,"column":145}}},"24":{"name":"(anonymous_24)","line":124,"loc":{"start":{"line":124,"column":21},"end":{"line":124,"column":40}}},"25":{"name":"(anonymous_25)","line":136,"loc":{"start":{"line":136,"column":61},"end":{"line":136,"column":76}}},"26":{"name":"(anonymous_26)","line":138,"loc":{"start":{"line":138,"column":21},"end":{"line":138,"column":40}}},"27":{"name":"(anonymous_27)","line":145,"loc":{"start":{"line":145,"column":41},"end":{"line":145,"column":56}}},"28":{"name":"(anonymous_28)","line":147,"loc":{"start":{"line":147,"column":21},"end":{"line":147,"column":40}}},"29":{"name":"(anonymous_29)","line":159,"loc":{"start":{"line":159,"column":61},"end":{"line":159,"column":76}}},"30":{"name":"(anonymous_30)","line":161,"loc":{"start":{"line":161,"column":21},"end":{"line":161,"column":40}}},"31":{"name":"(anonymous_31)","line":168,"loc":{"start":{"line":168,"column":47},"end":{"line":168,"column":62}}},"32":{"name":"(anonymous_32)","line":170,"loc":{"start":{"line":170,"column":21},"end":{"line":170,"column":40}}}},"statementMap":{"1":{"start":{"line":4,"column":0},"end":{"line":182,"column":1}},"2":{"start":{"line":6,"column":2},"end":{"line":26,"column":5}},"3":{"start":{"line":8,"column":4},"end":{"line":15,"column":7}},"4":{"start":{"line":9,"column":6},"end":{"line":14,"column":11}},"5":{"start":{"line":11,"column":10},"end":{"line":11,"column":32}},"6":{"start":{"line":12,"column":10},"end":{"line":12,"column":49}},"7":{"start":{"line":13,"column":10},"end":{"line":13,"column":17}},"8":{"start":{"line":17,"column":4},"end":{"line":24,"column":7}},"9":{"start":{"line":18,"column":6},"end":{"line":23,"column":11}},"10":{"start":{"line":20,"column":10},"end":{"line":20,"column":32}},"11":{"start":{"line":21,"column":10},"end":{"line":21,"column":49}},"12":{"start":{"line":22,"column":10},"end":{"line":22,"column":17}},"13":{"start":{"line":29,"column":2},"end":{"line":49,"column":5}},"14":{"start":{"line":31,"column":4},"end":{"line":38,"column":7}},"15":{"start":{"line":32,"column":6},"end":{"line":37,"column":11}},"16":{"start":{"line":34,"column":10},"end":{"line":34,"column":32}},"17":{"start":{"line":35,"column":10},"end":{"line":35,"column":49}},"18":{"start":{"line":36,"column":10},"end":{"line":36,"column":17}},"19":{"start":{"line":40,"column":4},"end":{"line":47,"column":7}},"20":{"start":{"line":41,"column":6},"end":{"line":46,"column":11}},"21":{"start":{"line":43,"column":10},"end":{"line":43,"column":32}},"22":{"start":{"line":44,"column":10},"end":{"line":44,"column":49}},"23":{"start":{"line":45,"column":10},"end":{"line":45,"column":17}},"24":{"start":{"line":52,"column":2},"end":{"line":63,"column":5}},"25":{"start":{"line":54,"column":4},"end":{"line":61,"column":7}},"26":{"start":{"line":55,"column":6},"end":{"line":60,"column":11}},"27":{"start":{"line":57,"column":10},"end":{"line":57,"column":32}},"28":{"start":{"line":58,"column":10},"end":{"line":58,"column":49}},"29":{"start":{"line":59,"column":10},"end":{"line":59,"column":17}},"30":{"start":{"line":66,"column":2},"end":{"line":131,"column":5}},"31":{"start":{"line":68,"column":4},"end":{"line":75,"column":7}},"32":{"start":{"line":69,"column":6},"end":{"line":74,"column":11}},"33":{"start":{"line":71,"column":10},"end":{"line":71,"column":32}},"34":{"start":{"line":72,"column":10},"end":{"line":72,"column":64}},"35":{"start":{"line":73,"column":10},"end":{"line":73,"column":17}},"36":{"start":{"line":77,"column":4},"end":{"line":84,"column":7}},"37":{"start":{"line":78,"column":6},"end":{"line":83,"column":11}},"38":{"start":{"line":80,"column":10},"end":{"line":80,"column":32}},"39":{"start":{"line":81,"column":10},"end":{"line":81,"column":64}},"40":{"start":{"line":82,"column":10},"end":{"line":82,"column":17}},"41":{"start":{"line":86,"column":4},"end":{"line":93,"column":7}},"42":{"start":{"line":87,"column":6},"end":{"line":92,"column":11}},"43":{"start":{"line":89,"column":10},"end":{"line":89,"column":32}},"44":{"start":{"line":90,"column":10},"end":{"line":90,"column":64}},"45":{"start":{"line":91,"column":10},"end":{"line":91,"column":17}},"46":{"start":{"line":95,"column":4},"end":{"line":102,"column":7}},"47":{"start":{"line":96,"column":6},"end":{"line":101,"column":11}},"48":{"start":{"line":98,"column":10},"end":{"line":98,"column":32}},"49":{"start":{"line":99,"column":10},"end":{"line":99,"column":64}},"50":{"start":{"line":100,"column":10},"end":{"line":100,"column":17}},"51":{"start":{"line":104,"column":4},"end":{"line":111,"column":7}},"52":{"start":{"line":105,"column":6},"end":{"line":110,"column":11}},"53":{"start":{"line":107,"column":10},"end":{"line":107,"column":32}},"54":{"start":{"line":108,"column":10},"end":{"line":108,"column":49}},"55":{"start":{"line":109,"column":10},"end":{"line":109,"column":17}},"56":{"start":{"line":113,"column":4},"end":{"line":120,"column":7}},"57":{"start":{"line":114,"column":6},"end":{"line":119,"column":11}},"58":{"start":{"line":116,"column":10},"end":{"line":116,"column":32}},"59":{"start":{"line":117,"column":10},"end":{"line":117,"column":49}},"60":{"start":{"line":118,"column":10},"end":{"line":118,"column":17}},"61":{"start":{"line":122,"column":4},"end":{"line":129,"column":7}},"62":{"start":{"line":123,"column":6},"end":{"line":128,"column":11}},"63":{"start":{"line":125,"column":10},"end":{"line":125,"column":32}},"64":{"start":{"line":126,"column":10},"end":{"line":126,"column":62}},"65":{"start":{"line":127,"column":10},"end":{"line":127,"column":17}},"66":{"start":{"line":134,"column":2},"end":{"line":154,"column":5}},"67":{"start":{"line":136,"column":4},"end":{"line":143,"column":7}},"68":{"start":{"line":137,"column":6},"end":{"line":142,"column":11}},"69":{"start":{"line":139,"column":10},"end":{"line":139,"column":32}},"70":{"start":{"line":140,"column":10},"end":{"line":140,"column":67}},"71":{"start":{"line":141,"column":10},"end":{"line":141,"column":17}},"72":{"start":{"line":145,"column":4},"end":{"line":152,"column":7}},"73":{"start":{"line":146,"column":6},"end":{"line":151,"column":11}},"74":{"start":{"line":148,"column":10},"end":{"line":148,"column":32}},"75":{"start":{"line":149,"column":10},"end":{"line":149,"column":49}},"76":{"start":{"line":150,"column":10},"end":{"line":150,"column":17}},"77":{"start":{"line":157,"column":2},"end":{"line":177,"column":5}},"78":{"start":{"line":159,"column":4},"end":{"line":166,"column":7}},"79":{"start":{"line":160,"column":6},"end":{"line":165,"column":11}},"80":{"start":{"line":162,"column":10},"end":{"line":162,"column":32}},"81":{"start":{"line":163,"column":10},"end":{"line":163,"column":67}},"82":{"start":{"line":164,"column":10},"end":{"line":164,"column":17}},"83":{"start":{"line":168,"column":4},"end":{"line":175,"column":7}},"84":{"start":{"line":169,"column":6},"end":{"line":174,"column":11}},"85":{"start":{"line":171,"column":10},"end":{"line":171,"column":32}},"86":{"start":{"line":172,"column":10},"end":{"line":172,"column":49}},"87":{"start":{"line":173,"column":10},"end":{"line":173,"column":17}}},"branchMap":{}},"/Users/napster/Documents/node_proxy/tests/userRouter.test.js":{"path":"/Users/napster/Documents/node_proxy/tests/userRouter.test.js","s":{"1":1,"2":0,"3":0,"4":0,"5":0,"6":0,"7":0,"8":0,"9":0,"10":0,"11":0,"12":0,"13":0,"14":0,"15":0,"16":0,"17":0,"18":0,"19":0,"20":0,"21":0,"22":0,"23":0,"24":0,"25":0,"26":0,"27":0,"28":0,"29":0,"30":0,"31":0,"32":0,"33":0,"34":0,"35":0,"36":0,"37":0,"38":0,"39":0,"40":0,"41":0,"42":0,"43":0,"44":0,"45":0,"46":0,"47":0,"48":0,"49":0,"50":0,"51":0,"52":0,"53":0,"54":0,"55":0,"56":0,"57":0,"58":0,"59":0,"60":0,"61":0,"62":0,"63":0,"64":0,"65":0,"66":0,"67":0,"68":0,"69":0,"70":0},"b":{},"f":{"1":0,"2":0,"3":0,"4":0,"5":0,"6":0,"7":0,"8":0,"9":0,"10":0,"11":0,"12":0,"13":0,"14":0,"15":0,"16":0,"17":0,"18":0,"19":0,"20":0,"21":0,"22":0,"23":0,"24":0,"25":0,"26":0},"fnMap":{"1":{"name":"(anonymous_1)","line":7,"loc":{"start":{"line":7,"column":56},"end":{"line":7,"column":71}}},"2":{"name":"(anonymous_2)","line":9,"loc":{"start":{"line":9,"column":21},"end":{"line":9,"column":40}}},"3":{"name":"(anonymous_3)","line":16,"loc":{"start":{"line":16,"column":42},"end":{"line":16,"column":57}}},"4":{"name":"(anonymous_4)","line":18,"loc":{"start":{"line":18,"column":21},"end":{"line":18,"column":40}}},"5":{"name":"(anonymous_5)","line":30,"loc":{"start":{"line":30,"column":88},"end":{"line":30,"column":103}}},"6":{"name":"(anonymous_6)","line":32,"loc":{"start":{"line":32,"column":21},"end":{"line":32,"column":40}}},"7":{"name":"(anonymous_7)","line":39,"loc":{"start":{"line":39,"column":74},"end":{"line":39,"column":89}}},"8":{"name":"(anonymous_8)","line":41,"loc":{"start":{"line":41,"column":21},"end":{"line":41,"column":40}}},"9":{"name":"(anonymous_9)","line":48,"loc":{"start":{"line":48,"column":79},"end":{"line":48,"column":94}}},"10":{"name":"(anonymous_10)","line":50,"loc":{"start":{"line":50,"column":21},"end":{"line":50,"column":40}}},"11":{"name":"(anonymous_11)","line":57,"loc":{"start":{"line":57,"column":92},"end":{"line":57,"column":107}}},"12":{"name":"(anonymous_12)","line":59,"loc":{"start":{"line":59,"column":21},"end":{"line":59,"column":40}}},"13":{"name":"(anonymous_13)","line":66,"loc":{"start":{"line":66,"column":96},"end":{"line":66,"column":111}}},"14":{"name":"(anonymous_14)","line":68,"loc":{"start":{"line":68,"column":21},"end":{"line":68,"column":40}}},"15":{"name":"(anonymous_15)","line":75,"loc":{"start":{"line":75,"column":92},"end":{"line":75,"column":107}}},"16":{"name":"(anonymous_16)","line":77,"loc":{"start":{"line":77,"column":21},"end":{"line":77,"column":40}}},"17":{"name":"(anonymous_17)","line":84,"loc":{"start":{"line":84,"column":88},"end":{"line":84,"column":103}}},"18":{"name":"(anonymous_18)","line":86,"loc":{"start":{"line":86,"column":21},"end":{"line":86,"column":40}}},"19":{"name":"(anonymous_19)","line":99,"loc":{"start":{"line":99,"column":44},"end":{"line":99,"column":59}}},"20":{"name":"(anonymous_20)","line":101,"loc":{"start":{"line":101,"column":21},"end":{"line":101,"column":40}}},"21":{"name":"(anonymous_21)","line":108,"loc":{"start":{"line":108,"column":42},"end":{"line":108,"column":57}}},"22":{"name":"(anonymous_22)","line":110,"loc":{"start":{"line":110,"column":21},"end":{"line":110,"column":40}}},"23":{"name":"(anonymous_23)","line":122,"loc":{"start":{"line":122,"column":71},"end":{"line":122,"column":86}}},"24":{"name":"(anonymous_24)","line":124,"loc":{"start":{"line":124,"column":21},"end":{"line":124,"column":40}}},"25":{"name":"(anonymous_25)","line":131,"loc":{"start":{"line":131,"column":53},"end":{"line":131,"column":68}}},"26":{"name":"(anonymous_26)","line":133,"loc":{"start":{"line":133,"column":21},"end":{"line":133,"column":40}}}},"statementMap":{"1":{"start":{"line":4,"column":0},"end":{"line":142,"column":1}},"2":{"start":{"line":5,"column":2},"end":{"line":25,"column":5}},"3":{"start":{"line":7,"column":4},"end":{"line":14,"column":7}},"4":{"start":{"line":8,"column":6},"end":{"line":13,"column":11}},"5":{"start":{"line":10,"column":10},"end":{"line":10,"column":32}},"6":{"start":{"line":11,"column":10},"end":{"line":11,"column":61}},"7":{"start":{"line":12,"column":10},"end":{"line":12,"column":17}},"8":{"start":{"line":16,"column":4},"end":{"line":23,"column":7}},"9":{"start":{"line":17,"column":6},"end":{"line":22,"column":11}},"10":{"start":{"line":19,"column":10},"end":{"line":19,"column":32}},"11":{"start":{"line":20,"column":10},"end":{"line":20,"column":49}},"12":{"start":{"line":21,"column":10},"end":{"line":21,"column":17}},"13":{"start":{"line":28,"column":2},"end":{"line":94,"column":5}},"14":{"start":{"line":30,"column":4},"end":{"line":37,"column":7}},"15":{"start":{"line":31,"column":6},"end":{"line":36,"column":11}},"16":{"start":{"line":33,"column":10},"end":{"line":33,"column":32}},"17":{"start":{"line":34,"column":10},"end":{"line":34,"column":64}},"18":{"start":{"line":35,"column":10},"end":{"line":35,"column":17}},"19":{"start":{"line":39,"column":4},"end":{"line":46,"column":7}},"20":{"start":{"line":40,"column":6},"end":{"line":45,"column":11}},"21":{"start":{"line":42,"column":10},"end":{"line":42,"column":32}},"22":{"start":{"line":43,"column":10},"end":{"line":43,"column":64}},"23":{"start":{"line":44,"column":10},"end":{"line":44,"column":17}},"24":{"start":{"line":48,"column":4},"end":{"line":55,"column":7}},"25":{"start":{"line":49,"column":6},"end":{"line":54,"column":11}},"26":{"start":{"line":51,"column":10},"end":{"line":51,"column":32}},"27":{"start":{"line":52,"column":10},"end":{"line":52,"column":64}},"28":{"start":{"line":53,"column":10},"end":{"line":53,"column":17}},"29":{"start":{"line":57,"column":4},"end":{"line":64,"column":7}},"30":{"start":{"line":58,"column":6},"end":{"line":63,"column":11}},"31":{"start":{"line":60,"column":10},"end":{"line":60,"column":32}},"32":{"start":{"line":61,"column":10},"end":{"line":61,"column":65}},"33":{"start":{"line":62,"column":10},"end":{"line":62,"column":17}},"34":{"start":{"line":66,"column":4},"end":{"line":73,"column":7}},"35":{"start":{"line":67,"column":6},"end":{"line":72,"column":11}},"36":{"start":{"line":69,"column":10},"end":{"line":69,"column":32}},"37":{"start":{"line":70,"column":10},"end":{"line":70,"column":64}},"38":{"start":{"line":71,"column":10},"end":{"line":71,"column":17}},"39":{"start":{"line":75,"column":4},"end":{"line":82,"column":7}},"40":{"start":{"line":76,"column":6},"end":{"line":81,"column":11}},"41":{"start":{"line":78,"column":10},"end":{"line":78,"column":32}},"42":{"start":{"line":79,"column":10},"end":{"line":79,"column":64}},"43":{"start":{"line":80,"column":10},"end":{"line":80,"column":17}},"44":{"start":{"line":84,"column":4},"end":{"line":91,"column":7}},"45":{"start":{"line":85,"column":6},"end":{"line":90,"column":11}},"46":{"start":{"line":87,"column":10},"end":{"line":87,"column":32}},"47":{"start":{"line":88,"column":10},"end":{"line":88,"column":65}},"48":{"start":{"line":89,"column":10},"end":{"line":89,"column":17}},"49":{"start":{"line":97,"column":2},"end":{"line":117,"column":5}},"50":{"start":{"line":99,"column":4},"end":{"line":106,"column":7}},"51":{"start":{"line":100,"column":6},"end":{"line":105,"column":11}},"52":{"start":{"line":102,"column":10},"end":{"line":102,"column":32}},"53":{"start":{"line":103,"column":10},"end":{"line":103,"column":49}},"54":{"start":{"line":104,"column":10},"end":{"line":104,"column":17}},"55":{"start":{"line":108,"column":4},"end":{"line":115,"column":7}},"56":{"start":{"line":109,"column":6},"end":{"line":114,"column":11}},"57":{"start":{"line":111,"column":10},"end":{"line":111,"column":32}},"58":{"start":{"line":112,"column":10},"end":{"line":112,"column":49}},"59":{"start":{"line":113,"column":10},"end":{"line":113,"column":17}},"60":{"start":{"line":120,"column":2},"end":{"line":140,"column":5}},"61":{"start":{"line":122,"column":4},"end":{"line":129,"column":7}},"62":{"start":{"line":123,"column":6},"end":{"line":128,"column":11}},"63":{"start":{"line":125,"column":10},"end":{"line":125,"column":32}},"64":{"start":{"line":126,"column":10},"end":{"line":126,"column":72}},"65":{"start":{"line":127,"column":10},"end":{"line":127,"column":17}},"66":{"start":{"line":131,"column":4},"end":{"line":138,"column":7}},"67":{"start":{"line":132,"column":6},"end":{"line":137,"column":11}},"68":{"start":{"line":134,"column":10},"end":{"line":134,"column":32}},"69":{"start":{"line":135,"column":10},"end":{"line":135,"column":49}},"70":{"start":{"line":136,"column":10},"end":{"line":136,"column":17}}},"branchMap":{}}}